<?xml version="1.0" encoding="UTF-8"?>
<testsuite name="springapp.recipes.RecipesApplicationTests" tests="11" skipped="0" failures="0" errors="0" timestamp="2024-12-29T18:44:26" hostname="agnieszka-VivoBook-ASUSLaptop-X512FA-R564FA" time="3.7">
  <properties/>
  <testcase name="shouldCreateANewRecipe()" classname="springapp.recipes.RecipesApplicationTests" time="1.264"/>
  <testcase name="shouldReturnAPageOfRecipes()" classname="springapp.recipes.RecipesApplicationTests" time="0.171"/>
  <testcase name="shouldUpdateARecipe()" classname="springapp.recipes.RecipesApplicationTests" time="0.371"/>
  <testcase name="shouldReturnARecipeWhenDataIsSaved()" classname="springapp.recipes.RecipesApplicationTests" time="0.023"/>
  <testcase name="shouldReturnRecipesList()" classname="springapp.recipes.RecipesApplicationTests" time="0.05"/>
  <testcase name="shouldReturnASortedPageOfRecipes()" classname="springapp.recipes.RecipesApplicationTests" time="0.022"/>
  <testcase name="shouldNotDeleteARecipeWithAnUnknownId()" classname="springapp.recipes.RecipesApplicationTests" time="0.022"/>
  <testcase name="shouldDeleteARecipe()" classname="springapp.recipes.RecipesApplicationTests" time="0.071"/>
  <testcase name="shouldNotReturnARecipeWithAnUnknownId()" classname="springapp.recipes.RecipesApplicationTests" time="0.016"/>
  <testcase name="shouldReturnASortedPageOfRecipesWithNoParametersAndUseDefaultValues()" classname="springapp.recipes.RecipesApplicationTests" time="0.018"/>
  <testcase name="shouldNotUpdateARecipeWithAnUnknownId()" classname="springapp.recipes.RecipesApplicationTests" time="0.014"/>
  <system-out><![CDATA[19:44:21.592 [Test worker] INFO org.springframework.test.context.support.AnnotationConfigContextLoaderUtils -- Could not detect default configuration classes for test class [springapp.recipes.RecipesApplicationTests]: RecipesApplicationTests does not declare any static, non-private, non-final, nested classes annotated with @Configuration.
19:44:21.749 [Test worker] INFO org.springframework.boot.test.context.SpringBootTestContextBootstrapper -- Found @SpringBootConfiguration springapp.recipes.RecipesApplication for test class springapp.recipes.RecipesApplicationTests

  .   ____          _            __ _ _
 /\\ / ___'_ __ _ _(_)_ __  __ _ \ \ \ \
( ( )\___ | '_ | '_| | '_ \/ _` | \ \ \ \
 \\/  ___)| |_)| | | | | || (_| |  ) ) ) )
  '  |____| .__|_| |_|_| |_\__, | / / / /
 =========|_|==============|___/=/_/_/_/

 :: Spring Boot ::                (v3.4.1)

2024-12-29T19:44:22.238+01:00  INFO 214666 --- [Recipes] [    Test worker] s.recipes.RecipesApplicationTests        : Starting RecipesApplicationTests using Java 17.0.5 with PID 214666 (started by agnieszka in /home/agnieszka/IdeaProjects/Recipes-Spring-Boot-app)
2024-12-29T19:44:22.239+01:00  INFO 214666 --- [Recipes] [    Test worker] s.recipes.RecipesApplicationTests        : No active profile set, falling back to 1 default profile: "default"
2024-12-29T19:44:22.873+01:00  INFO 214666 --- [Recipes] [    Test worker] .s.d.r.c.RepositoryConfigurationDelegate : Bootstrapping Spring Data JPA repositories in DEFAULT mode.
2024-12-29T19:44:22.920+01:00  INFO 214666 --- [Recipes] [    Test worker] .s.d.r.c.RepositoryConfigurationDelegate : Finished Spring Data repository scanning in 38 ms. Found 1 JPA repository interface.
2024-12-29T19:44:23.533+01:00  INFO 214666 --- [Recipes] [    Test worker] o.s.b.w.embedded.tomcat.TomcatWebServer  : Tomcat initialized with port 0 (http)
2024-12-29T19:44:23.548+01:00  INFO 214666 --- [Recipes] [    Test worker] o.apache.catalina.core.StandardService   : Starting service [Tomcat]
2024-12-29T19:44:23.549+01:00  INFO 214666 --- [Recipes] [    Test worker] o.apache.catalina.core.StandardEngine    : Starting Servlet engine: [Apache Tomcat/10.1.34]
2024-12-29T19:44:23.661+01:00  INFO 214666 --- [Recipes] [    Test worker] o.a.c.c.C.[Tomcat].[localhost].[/]       : Initializing Spring embedded WebApplicationContext
2024-12-29T19:44:23.679+01:00  INFO 214666 --- [Recipes] [    Test worker] w.s.c.ServletWebServerApplicationContext : Root WebApplicationContext: initialization completed in 1399 ms
2024-12-29T19:44:24.066+01:00  INFO 214666 --- [Recipes] [    Test worker] o.hibernate.jpa.internal.util.LogHelper  : HHH000204: Processing PersistenceUnitInfo [name: default]
2024-12-29T19:44:24.140+01:00  INFO 214666 --- [Recipes] [    Test worker] org.hibernate.Version                    : HHH000412: Hibernate ORM core version 6.6.4.Final
2024-12-29T19:44:24.181+01:00  INFO 214666 --- [Recipes] [    Test worker] o.h.c.internal.RegionFactoryInitiator    : HHH000026: Second-level cache disabled
2024-12-29T19:44:24.510+01:00  INFO 214666 --- [Recipes] [    Test worker] o.s.o.j.p.SpringPersistenceUnitInfo      : No LoadTimeWeaver setup: ignoring JPA class transformer
2024-12-29T19:44:24.551+01:00  INFO 214666 --- [Recipes] [    Test worker] com.zaxxer.hikari.HikariDataSource       : HikariPool-1 - Starting...
2024-12-29T19:44:25.156+01:00  INFO 214666 --- [Recipes] [    Test worker] com.zaxxer.hikari.pool.HikariPool        : HikariPool-1 - Added connection org.postgresql.jdbc.PgConnection@c87787d
2024-12-29T19:44:25.158+01:00  INFO 214666 --- [Recipes] [    Test worker] com.zaxxer.hikari.HikariDataSource       : HikariPool-1 - Start completed.
2024-12-29T19:44:25.207+01:00  WARN 214666 --- [Recipes] [    Test worker] org.hibernate.orm.deprecation            : HHH90000025: PostgreSQLDialect does not need to be specified explicitly using 'hibernate.dialect' (remove the property setting and it will be selected by default)
2024-12-29T19:44:25.224+01:00  INFO 214666 --- [Recipes] [    Test worker] org.hibernate.orm.connections.pooling    : HHH10001005: Database info:
	Database JDBC URL [Connecting through datasource 'HikariDataSource (HikariPool-1)']
	Database driver: undefined/unknown
	Database version: 15.10
	Autocommit mode: undefined/unknown
	Isolation level: undefined/unknown
	Minimum pool size: undefined/unknown
	Maximum pool size: undefined/unknown
2024-12-29T19:44:26.049+01:00  INFO 214666 --- [Recipes] [    Test worker] o.h.e.t.j.p.i.JtaPlatformInitiator       : HHH000489: No JTA platform available (set 'hibernate.transaction.jta.platform' to enable JTA platform integration)
2024-12-29T19:44:26.094+01:00  INFO 214666 --- [Recipes] [    Test worker] j.LocalContainerEntityManagerFactoryBean : Initialized JPA EntityManagerFactory for persistence unit 'default'
2024-12-29T19:44:26.325+01:00  WARN 214666 --- [Recipes] [    Test worker] JpaBaseConfiguration$JpaWebConfiguration : spring.jpa.open-in-view is enabled by default. Therefore, database queries may be performed during view rendering. Explicitly configure spring.jpa.open-in-view to disable this warning
2024-12-29T19:44:26.348+01:00  INFO 214666 --- [Recipes] [    Test worker] o.s.b.a.w.s.WelcomePageHandlerMapping    : Adding welcome page: class path resource [static/index.html]
2024-12-29T19:44:26.765+01:00  INFO 214666 --- [Recipes] [    Test worker] o.s.b.w.embedded.tomcat.TomcatWebServer  : Tomcat started on port 36719 (http) with context path '/'
2024-12-29T19:44:26.773+01:00  INFO 214666 --- [Recipes] [    Test worker] s.recipes.RecipesApplicationTests        : Started RecipesApplicationTests in 4.843 seconds (process running for 6.375)
2024-12-29T19:44:27.517+01:00  INFO 214666 --- [Recipes] [o-auto-1-exec-1] o.a.c.c.C.[Tomcat].[localhost].[/]       : Initializing Spring DispatcherServlet 'dispatcherServlet'
2024-12-29T19:44:27.517+01:00  INFO 214666 --- [Recipes] [o-auto-1-exec-1] o.s.web.servlet.DispatcherServlet        : Initializing Servlet 'dispatcherServlet'
2024-12-29T19:44:27.519+01:00  INFO 214666 --- [Recipes] [o-auto-1-exec-1] o.s.web.servlet.DispatcherServlet        : Completed initialization in 2 ms
2024-12-29T19:44:27.963+01:00  INFO 214666 --- [Recipes] [    Test worker] o.s.b.w.e.tomcat.GracefulShutdown        : Commencing graceful shutdown. Waiting for active requests to complete
2024-12-29T19:44:27.968+01:00  INFO 214666 --- [Recipes] [tomcat-shutdown] o.s.b.w.e.tomcat.GracefulShutdown        : Graceful shutdown complete
2024-12-29T19:44:27.971+01:00  INFO 214666 --- [Recipes] [    Test worker] j.LocalContainerEntityManagerFactoryBean : Closing JPA EntityManagerFactory for persistence unit 'default'
2024-12-29T19:44:27.980+01:00  INFO 214666 --- [Recipes] [    Test worker] com.zaxxer.hikari.HikariDataSource       : HikariPool-1 - Shutdown initiated...
2024-12-29T19:44:27.992+01:00  INFO 214666 --- [Recipes] [    Test worker] com.zaxxer.hikari.HikariDataSource       : HikariPool-1 - Shutdown completed.

  .   ____          _            __ _ _
 /\\ / ___'_ __ _ _(_)_ __  __ _ \ \ \ \
( ( )\___ | '_ | '_| | '_ \/ _` | \ \ \ \
 \\/  ___)| |_)| | | | | || (_| |  ) ) ) )
  '  |____| .__|_| |_|_| |_\__, | / / / /
 =========|_|==============|___/=/_/_/_/

 :: Spring Boot ::                (v3.4.1)

2024-12-29T19:44:28.078+01:00  INFO 214666 --- [Recipes] [    Test worker] s.recipes.RecipesApplicationTests        : Starting RecipesApplicationTests using Java 17.0.5 with PID 214666 (started by agnieszka in /home/agnieszka/IdeaProjects/Recipes-Spring-Boot-app)
2024-12-29T19:44:28.079+01:00  INFO 214666 --- [Recipes] [    Test worker] s.recipes.RecipesApplicationTests        : No active profile set, falling back to 1 default profile: "default"
2024-12-29T19:44:28.270+01:00  INFO 214666 --- [Recipes] [    Test worker] .s.d.r.c.RepositoryConfigurationDelegate : Bootstrapping Spring Data JPA repositories in DEFAULT mode.
2024-12-29T19:44:28.279+01:00  INFO 214666 --- [Recipes] [    Test worker] .s.d.r.c.RepositoryConfigurationDelegate : Finished Spring Data repository scanning in 4 ms. Found 1 JPA repository interface.
2024-12-29T19:44:28.363+01:00  INFO 214666 --- [Recipes] [    Test worker] o.s.b.w.embedded.tomcat.TomcatWebServer  : Tomcat initialized with port 0 (http)
2024-12-29T19:44:28.364+01:00  INFO 214666 --- [Recipes] [    Test worker] o.apache.catalina.core.StandardService   : Starting service [Tomcat]
2024-12-29T19:44:28.365+01:00  INFO 214666 --- [Recipes] [    Test worker] o.apache.catalina.core.StandardEngine    : Starting Servlet engine: [Apache Tomcat/10.1.34]
2024-12-29T19:44:28.419+01:00  INFO 214666 --- [Recipes] [    Test worker] o.a.c.c.C.[Tomcat].[localhost].[/]       : Initializing Spring embedded WebApplicationContext
2024-12-29T19:44:28.419+01:00  INFO 214666 --- [Recipes] [    Test worker] w.s.c.ServletWebServerApplicationContext : Root WebApplicationContext: initialization completed in 338 ms
2024-12-29T19:44:28.460+01:00  INFO 214666 --- [Recipes] [    Test worker] o.hibernate.jpa.internal.util.LogHelper  : HHH000204: Processing PersistenceUnitInfo [name: default]
2024-12-29T19:44:28.464+01:00  INFO 214666 --- [Recipes] [    Test worker] o.h.c.internal.RegionFactoryInitiator    : HHH000026: Second-level cache disabled
2024-12-29T19:44:28.481+01:00  INFO 214666 --- [Recipes] [    Test worker] o.s.o.j.p.SpringPersistenceUnitInfo      : No LoadTimeWeaver setup: ignoring JPA class transformer
2024-12-29T19:44:28.483+01:00  INFO 214666 --- [Recipes] [    Test worker] com.zaxxer.hikari.HikariDataSource       : HikariPool-2 - Starting...
2024-12-29T19:44:28.506+01:00  INFO 214666 --- [Recipes] [    Test worker] com.zaxxer.hikari.pool.HikariPool        : HikariPool-2 - Added connection org.postgresql.jdbc.PgConnection@2c6c6b7b
2024-12-29T19:44:28.507+01:00  INFO 214666 --- [Recipes] [    Test worker] com.zaxxer.hikari.HikariDataSource       : HikariPool-2 - Start completed.
2024-12-29T19:44:28.512+01:00  WARN 214666 --- [Recipes] [    Test worker] org.hibernate.orm.deprecation            : HHH90000025: PostgreSQLDialect does not need to be specified explicitly using 'hibernate.dialect' (remove the property setting and it will be selected by default)
2024-12-29T19:44:28.514+01:00  INFO 214666 --- [Recipes] [    Test worker] org.hibernate.orm.connections.pooling    : HHH10001005: Database info:
	Database JDBC URL [Connecting through datasource 'HikariDataSource (HikariPool-2)']
	Database driver: undefined/unknown
	Database version: 15.10
	Autocommit mode: undefined/unknown
	Isolation level: undefined/unknown
	Minimum pool size: undefined/unknown
	Maximum pool size: undefined/unknown
2024-12-29T19:44:28.567+01:00  INFO 214666 --- [Recipes] [    Test worker] o.h.e.t.j.p.i.JtaPlatformInitiator       : HHH000489: No JTA platform available (set 'hibernate.transaction.jta.platform' to enable JTA platform integration)
2024-12-29T19:44:28.586+01:00  INFO 214666 --- [Recipes] [    Test worker] j.LocalContainerEntityManagerFactoryBean : Initialized JPA EntityManagerFactory for persistence unit 'default'
2024-12-29T19:44:28.634+01:00  WARN 214666 --- [Recipes] [    Test worker] JpaBaseConfiguration$JpaWebConfiguration : spring.jpa.open-in-view is enabled by default. Therefore, database queries may be performed during view rendering. Explicitly configure spring.jpa.open-in-view to disable this warning
2024-12-29T19:44:28.640+01:00  INFO 214666 --- [Recipes] [    Test worker] o.s.b.a.w.s.WelcomePageHandlerMapping    : Adding welcome page: class path resource [static/index.html]
2024-12-29T19:44:28.744+01:00  INFO 214666 --- [Recipes] [    Test worker] o.s.b.w.embedded.tomcat.TomcatWebServer  : Tomcat started on port 36231 (http) with context path '/'
2024-12-29T19:44:28.749+01:00  INFO 214666 --- [Recipes] [    Test worker] s.recipes.RecipesApplicationTests        : Started RecipesApplicationTests in 0.703 seconds (process running for 8.351)
2024-12-29T19:44:28.764+01:00  INFO 214666 --- [Recipes] [o-auto-2-exec-1] o.a.c.c.C.[Tomcat].[localhost].[/]       : Initializing Spring DispatcherServlet 'dispatcherServlet'
2024-12-29T19:44:28.765+01:00  INFO 214666 --- [Recipes] [o-auto-2-exec-1] o.s.web.servlet.DispatcherServlet        : Initializing Servlet 'dispatcherServlet'
2024-12-29T19:44:28.767+01:00  INFO 214666 --- [Recipes] [o-auto-2-exec-1] o.s.web.servlet.DispatcherServlet        : Completed initialization in 2 ms
2024-12-29T19:44:29.275+01:00  INFO 214666 --- [Recipes] [    Test worker] o.s.b.w.e.tomcat.GracefulShutdown        : Commencing graceful shutdown. Waiting for active requests to complete
2024-12-29T19:44:29.276+01:00  INFO 214666 --- [Recipes] [tomcat-shutdown] o.s.b.w.e.tomcat.GracefulShutdown        : Graceful shutdown complete
2024-12-29T19:44:29.279+01:00  INFO 214666 --- [Recipes] [    Test worker] j.LocalContainerEntityManagerFactoryBean : Closing JPA EntityManagerFactory for persistence unit 'default'
2024-12-29T19:44:29.284+01:00  INFO 214666 --- [Recipes] [    Test worker] com.zaxxer.hikari.HikariDataSource       : HikariPool-2 - Shutdown initiated...
2024-12-29T19:44:29.292+01:00  INFO 214666 --- [Recipes] [    Test worker] com.zaxxer.hikari.HikariDataSource       : HikariPool-2 - Shutdown completed.

  .   ____          _            __ _ _
 /\\ / ___'_ __ _ _(_)_ __  __ _ \ \ \ \
( ( )\___ | '_ | '_| | '_ \/ _` | \ \ \ \
 \\/  ___)| |_)| | | | | || (_| |  ) ) ) )
  '  |____| .__|_| |_|_| |_\__, | / / / /
 =========|_|==============|___/=/_/_/_/

 :: Spring Boot ::                (v3.4.1)

2024-12-29T19:44:29.319+01:00  INFO 214666 --- [Recipes] [    Test worker] s.recipes.RecipesApplicationTests        : Starting RecipesApplicationTests using Java 17.0.5 with PID 214666 (started by agnieszka in /home/agnieszka/IdeaProjects/Recipes-Spring-Boot-app)
2024-12-29T19:44:29.320+01:00  INFO 214666 --- [Recipes] [    Test worker] s.recipes.RecipesApplicationTests        : No active profile set, falling back to 1 default profile: "default"
2024-12-29T19:44:29.415+01:00  INFO 214666 --- [Recipes] [    Test worker] .s.d.r.c.RepositoryConfigurationDelegate : Bootstrapping Spring Data JPA repositories in DEFAULT mode.
2024-12-29T19:44:29.420+01:00  INFO 214666 --- [Recipes] [    Test worker] .s.d.r.c.RepositoryConfigurationDelegate : Finished Spring Data repository scanning in 3 ms. Found 1 JPA repository interface.
2024-12-29T19:44:29.475+01:00  INFO 214666 --- [Recipes] [    Test worker] o.s.b.w.embedded.tomcat.TomcatWebServer  : Tomcat initialized with port 0 (http)
2024-12-29T19:44:29.475+01:00  INFO 214666 --- [Recipes] [    Test worker] o.apache.catalina.core.StandardService   : Starting service [Tomcat]
2024-12-29T19:44:29.476+01:00  INFO 214666 --- [Recipes] [    Test worker] o.apache.catalina.core.StandardEngine    : Starting Servlet engine: [Apache Tomcat/10.1.34]
2024-12-29T19:44:29.494+01:00  INFO 214666 --- [Recipes] [    Test worker] o.a.c.c.C.[Tomcat].[localhost].[/]       : Initializing Spring embedded WebApplicationContext
2024-12-29T19:44:29.494+01:00  INFO 214666 --- [Recipes] [    Test worker] w.s.c.ServletWebServerApplicationContext : Root WebApplicationContext: initialization completed in 173 ms
2024-12-29T19:44:29.528+01:00  INFO 214666 --- [Recipes] [    Test worker] o.hibernate.jpa.internal.util.LogHelper  : HHH000204: Processing PersistenceUnitInfo [name: default]
2024-12-29T19:44:29.530+01:00  INFO 214666 --- [Recipes] [    Test worker] o.h.c.internal.RegionFactoryInitiator    : HHH000026: Second-level cache disabled
2024-12-29T19:44:29.537+01:00  INFO 214666 --- [Recipes] [    Test worker] o.s.o.j.p.SpringPersistenceUnitInfo      : No LoadTimeWeaver setup: ignoring JPA class transformer
2024-12-29T19:44:29.538+01:00  INFO 214666 --- [Recipes] [    Test worker] com.zaxxer.hikari.HikariDataSource       : HikariPool-3 - Starting...
2024-12-29T19:44:29.561+01:00  INFO 214666 --- [Recipes] [    Test worker] com.zaxxer.hikari.pool.HikariPool        : HikariPool-3 - Added connection org.postgresql.jdbc.PgConnection@4c255e8
2024-12-29T19:44:29.561+01:00  INFO 214666 --- [Recipes] [    Test worker] com.zaxxer.hikari.HikariDataSource       : HikariPool-3 - Start completed.
2024-12-29T19:44:29.564+01:00  WARN 214666 --- [Recipes] [    Test worker] org.hibernate.orm.deprecation            : HHH90000025: PostgreSQLDialect does not need to be specified explicitly using 'hibernate.dialect' (remove the property setting and it will be selected by default)
2024-12-29T19:44:29.566+01:00  INFO 214666 --- [Recipes] [    Test worker] org.hibernate.orm.connections.pooling    : HHH10001005: Database info:
	Database JDBC URL [Connecting through datasource 'HikariDataSource (HikariPool-3)']
	Database driver: undefined/unknown
	Database version: 15.10
	Autocommit mode: undefined/unknown
	Isolation level: undefined/unknown
	Minimum pool size: undefined/unknown
	Maximum pool size: undefined/unknown
2024-12-29T19:44:29.607+01:00  INFO 214666 --- [Recipes] [    Test worker] o.h.e.t.j.p.i.JtaPlatformInitiator       : HHH000489: No JTA platform available (set 'hibernate.transaction.jta.platform' to enable JTA platform integration)
2024-12-29T19:44:29.626+01:00  INFO 214666 --- [Recipes] [    Test worker] j.LocalContainerEntityManagerFactoryBean : Initialized JPA EntityManagerFactory for persistence unit 'default'
2024-12-29T19:44:29.660+01:00  WARN 214666 --- [Recipes] [    Test worker] JpaBaseConfiguration$JpaWebConfiguration : spring.jpa.open-in-view is enabled by default. Therefore, database queries may be performed during view rendering. Explicitly configure spring.jpa.open-in-view to disable this warning
2024-12-29T19:44:29.668+01:00  INFO 214666 --- [Recipes] [    Test worker] o.s.b.a.w.s.WelcomePageHandlerMapping    : Adding welcome page: class path resource [static/index.html]
2024-12-29T19:44:29.752+01:00  INFO 214666 --- [Recipes] [    Test worker] o.s.b.w.embedded.tomcat.TomcatWebServer  : Tomcat started on port 45555 (http) with context path '/'
2024-12-29T19:44:29.755+01:00  INFO 214666 --- [Recipes] [    Test worker] s.recipes.RecipesApplicationTests        : Started RecipesApplicationTests in 0.457 seconds (process running for 9.357)
2024-12-29T19:44:29.764+01:00  INFO 214666 --- [Recipes] [o-auto-3-exec-1] o.a.c.c.C.[Tomcat].[localhost].[/]       : Initializing Spring DispatcherServlet 'dispatcherServlet'
2024-12-29T19:44:29.764+01:00  INFO 214666 --- [Recipes] [o-auto-3-exec-1] o.s.web.servlet.DispatcherServlet        : Initializing Servlet 'dispatcherServlet'
2024-12-29T19:44:29.765+01:00  INFO 214666 --- [Recipes] [o-auto-3-exec-1] o.s.web.servlet.DispatcherServlet        : Completed initialization in 1 ms
com.jayway.jsonpath.internal.JsonContext@66f62b8c
2024-12-29T19:44:29.914+01:00  INFO 214666 --- [Recipes] [    Test worker] o.s.b.w.e.tomcat.GracefulShutdown        : Commencing graceful shutdown. Waiting for active requests to complete
2024-12-29T19:44:29.915+01:00  INFO 214666 --- [Recipes] [tomcat-shutdown] o.s.b.w.e.tomcat.GracefulShutdown        : Graceful shutdown complete
2024-12-29T19:44:29.918+01:00  INFO 214666 --- [Recipes] [    Test worker] j.LocalContainerEntityManagerFactoryBean : Closing JPA EntityManagerFactory for persistence unit 'default'
2024-12-29T19:44:29.923+01:00  INFO 214666 --- [Recipes] [    Test worker] com.zaxxer.hikari.HikariDataSource       : HikariPool-3 - Shutdown initiated...
2024-12-29T19:44:29.946+01:00  INFO 214666 --- [Recipes] [    Test worker] com.zaxxer.hikari.HikariDataSource       : HikariPool-3 - Shutdown completed.

  .   ____          _            __ _ _
 /\\ / ___'_ __ _ _(_)_ __  __ _ \ \ \ \
( ( )\___ | '_ | '_| | '_ \/ _` | \ \ \ \
 \\/  ___)| |_)| | | | | || (_| |  ) ) ) )
  '  |____| .__|_| |_|_| |_\__, | / / / /
 =========|_|==============|___/=/_/_/_/

 :: Spring Boot ::                (v3.4.1)

2024-12-29T19:44:29.972+01:00  INFO 214666 --- [Recipes] [    Test worker] s.recipes.RecipesApplicationTests        : Starting RecipesApplicationTests using Java 17.0.5 with PID 214666 (started by agnieszka in /home/agnieszka/IdeaProjects/Recipes-Spring-Boot-app)
2024-12-29T19:44:29.973+01:00  INFO 214666 --- [Recipes] [    Test worker] s.recipes.RecipesApplicationTests        : No active profile set, falling back to 1 default profile: "default"
2024-12-29T19:44:30.077+01:00  INFO 214666 --- [Recipes] [    Test worker] .s.d.r.c.RepositoryConfigurationDelegate : Bootstrapping Spring Data JPA repositories in DEFAULT mode.
2024-12-29T19:44:30.082+01:00  INFO 214666 --- [Recipes] [    Test worker] .s.d.r.c.RepositoryConfigurationDelegate : Finished Spring Data repository scanning in 3 ms. Found 1 JPA repository interface.
2024-12-29T19:44:30.167+01:00  INFO 214666 --- [Recipes] [    Test worker] o.s.b.w.embedded.tomcat.TomcatWebServer  : Tomcat initialized with port 0 (http)
2024-12-29T19:44:30.169+01:00  INFO 214666 --- [Recipes] [    Test worker] o.apache.catalina.core.StandardService   : Starting service [Tomcat]
2024-12-29T19:44:30.169+01:00  INFO 214666 --- [Recipes] [    Test worker] o.apache.catalina.core.StandardEngine    : Starting Servlet engine: [Apache Tomcat/10.1.34]
2024-12-29T19:44:30.189+01:00  INFO 214666 --- [Recipes] [    Test worker] o.a.c.c.C.[Tomcat].[localhost].[/]       : Initializing Spring embedded WebApplicationContext
2024-12-29T19:44:30.190+01:00  INFO 214666 --- [Recipes] [    Test worker] w.s.c.ServletWebServerApplicationContext : Root WebApplicationContext: initialization completed in 215 ms
2024-12-29T19:44:30.224+01:00  INFO 214666 --- [Recipes] [    Test worker] o.hibernate.jpa.internal.util.LogHelper  : HHH000204: Processing PersistenceUnitInfo [name: default]
2024-12-29T19:44:30.226+01:00  INFO 214666 --- [Recipes] [    Test worker] o.h.c.internal.RegionFactoryInitiator    : HHH000026: Second-level cache disabled
2024-12-29T19:44:30.234+01:00  INFO 214666 --- [Recipes] [    Test worker] o.s.o.j.p.SpringPersistenceUnitInfo      : No LoadTimeWeaver setup: ignoring JPA class transformer
2024-12-29T19:44:30.235+01:00  INFO 214666 --- [Recipes] [    Test worker] com.zaxxer.hikari.HikariDataSource       : HikariPool-4 - Starting...
2024-12-29T19:44:30.255+01:00  INFO 214666 --- [Recipes] [    Test worker] com.zaxxer.hikari.pool.HikariPool        : HikariPool-4 - Added connection org.postgresql.jdbc.PgConnection@119b837
2024-12-29T19:44:30.255+01:00  INFO 214666 --- [Recipes] [    Test worker] com.zaxxer.hikari.HikariDataSource       : HikariPool-4 - Start completed.
2024-12-29T19:44:30.258+01:00  WARN 214666 --- [Recipes] [    Test worker] org.hibernate.orm.deprecation            : HHH90000025: PostgreSQLDialect does not need to be specified explicitly using 'hibernate.dialect' (remove the property setting and it will be selected by default)
2024-12-29T19:44:30.259+01:00  INFO 214666 --- [Recipes] [    Test worker] org.hibernate.orm.connections.pooling    : HHH10001005: Database info:
	Database JDBC URL [Connecting through datasource 'HikariDataSource (HikariPool-4)']
	Database driver: undefined/unknown
	Database version: 15.10
	Autocommit mode: undefined/unknown
	Isolation level: undefined/unknown
	Minimum pool size: undefined/unknown
	Maximum pool size: undefined/unknown
2024-12-29T19:44:30.295+01:00  INFO 214666 --- [Recipes] [    Test worker] o.h.e.t.j.p.i.JtaPlatformInitiator       : HHH000489: No JTA platform available (set 'hibernate.transaction.jta.platform' to enable JTA platform integration)
2024-12-29T19:44:30.315+01:00  INFO 214666 --- [Recipes] [    Test worker] j.LocalContainerEntityManagerFactoryBean : Initialized JPA EntityManagerFactory for persistence unit 'default'
2024-12-29T19:44:30.345+01:00  WARN 214666 --- [Recipes] [    Test worker] JpaBaseConfiguration$JpaWebConfiguration : spring.jpa.open-in-view is enabled by default. Therefore, database queries may be performed during view rendering. Explicitly configure spring.jpa.open-in-view to disable this warning
2024-12-29T19:44:30.350+01:00  INFO 214666 --- [Recipes] [    Test worker] o.s.b.a.w.s.WelcomePageHandlerMapping    : Adding welcome page: class path resource [static/index.html]
2024-12-29T19:44:30.424+01:00  INFO 214666 --- [Recipes] [    Test worker] o.s.b.w.embedded.tomcat.TomcatWebServer  : Tomcat started on port 36205 (http) with context path '/'
2024-12-29T19:44:30.426+01:00  INFO 214666 --- [Recipes] [    Test worker] s.recipes.RecipesApplicationTests        : Started RecipesApplicationTests in 0.475 seconds (process running for 10.029)
2024-12-29T19:44:30.435+01:00  INFO 214666 --- [Recipes] [o-auto-4-exec-1] o.a.c.c.C.[Tomcat].[localhost].[/]       : Initializing Spring DispatcherServlet 'dispatcherServlet'
2024-12-29T19:44:30.435+01:00  INFO 214666 --- [Recipes] [o-auto-4-exec-1] o.s.web.servlet.DispatcherServlet        : Initializing Servlet 'dispatcherServlet'
2024-12-29T19:44:30.436+01:00  INFO 214666 --- [Recipes] [o-auto-4-exec-1] o.s.web.servlet.DispatcherServlet        : Completed initialization in 1 ms
]]></system-out>
  <system-err><![CDATA[]]></system-err>
</testsuite>
