<?xml version="1.0" encoding="UTF-8"?>
<testsuite name="springapp.recipes.RecipesApplicationTests" tests="7" skipped="0" failures="0" errors="0" timestamp="2024-12-29T10:12:16" hostname="agnieszka-VivoBook-ASUSLaptop-X512FA-R564FA" time="1.974">
  <properties/>
  <testcase name="shouldReturnAPageOfRecipes()" classname="springapp.recipes.RecipesApplicationTests" time="0.981"/>
  <testcase name="shouldReturnARecipeWhenDataIsSaved()" classname="springapp.recipes.RecipesApplicationTests" time="0.037"/>
  <testcase name="shouldCreateANewCashCard()" classname="springapp.recipes.RecipesApplicationTests" time="0.189"/>
  <testcase name="shouldReturnRecipesList()" classname="springapp.recipes.RecipesApplicationTests" time="0.072"/>
  <testcase name="shouldReturnASortedPageOfRecipes()" classname="springapp.recipes.RecipesApplicationTests" time="0.029"/>
  <testcase name="shouldNotReturnARecipeWithAnUnknownId()" classname="springapp.recipes.RecipesApplicationTests" time="0.019"/>
  <testcase name="shouldReturnASortedPageOfRecipesWithNoParametersAndUseDefaultValues()" classname="springapp.recipes.RecipesApplicationTests" time="0.028"/>
  <system-out><![CDATA[11:12:10.714 [Test worker] INFO org.springframework.test.context.support.AnnotationConfigContextLoaderUtils -- Could not detect default configuration classes for test class [springapp.recipes.RecipesApplicationTests]: RecipesApplicationTests does not declare any static, non-private, non-final, nested classes annotated with @Configuration.
11:12:10.845 [Test worker] INFO org.springframework.boot.test.context.SpringBootTestContextBootstrapper -- Found @SpringBootConfiguration springapp.recipes.RecipesApplication for test class springapp.recipes.RecipesApplicationTests

  .   ____          _            __ _ _
 /\\ / ___'_ __ _ _(_)_ __  __ _ \ \ \ \
( ( )\___ | '_ | '_| | '_ \/ _` | \ \ \ \
 \\/  ___)| |_)| | | | | || (_| |  ) ) ) )
  '  |____| .__|_| |_|_| |_\__, | / / / /
 =========|_|==============|___/=/_/_/_/

 :: Spring Boot ::                (v3.4.1)

2024-12-29T11:12:11.309+01:00  INFO 171501 --- [Recipes] [    Test worker] s.recipes.RecipesApplicationTests        : Starting RecipesApplicationTests using Java 17.0.5 with PID 171501 (started by agnieszka in /home/agnieszka/IdeaProjects/Recipes-Spring-Boot-app)
2024-12-29T11:12:11.311+01:00  INFO 171501 --- [Recipes] [    Test worker] s.recipes.RecipesApplicationTests        : No active profile set, falling back to 1 default profile: "default"
2024-12-29T11:12:11.975+01:00  INFO 171501 --- [Recipes] [    Test worker] .s.d.r.c.RepositoryConfigurationDelegate : Bootstrapping Spring Data JPA repositories in DEFAULT mode.
2024-12-29T11:12:12.023+01:00  INFO 171501 --- [Recipes] [    Test worker] .s.d.r.c.RepositoryConfigurationDelegate : Finished Spring Data repository scanning in 38 ms. Found 1 JPA repository interface.
2024-12-29T11:12:12.538+01:00  INFO 171501 --- [Recipes] [    Test worker] o.s.b.w.embedded.tomcat.TomcatWebServer  : Tomcat initialized with port 0 (http)
2024-12-29T11:12:12.554+01:00  INFO 171501 --- [Recipes] [    Test worker] o.apache.catalina.core.StandardService   : Starting service [Tomcat]
2024-12-29T11:12:12.554+01:00  INFO 171501 --- [Recipes] [    Test worker] o.apache.catalina.core.StandardEngine    : Starting Servlet engine: [Apache Tomcat/10.1.34]
2024-12-29T11:12:12.633+01:00  INFO 171501 --- [Recipes] [    Test worker] o.a.c.c.C.[Tomcat].[localhost].[/]       : Initializing Spring embedded WebApplicationContext
2024-12-29T11:12:12.635+01:00  INFO 171501 --- [Recipes] [    Test worker] w.s.c.ServletWebServerApplicationContext : Root WebApplicationContext: initialization completed in 1300 ms
2024-12-29T11:12:12.789+01:00  INFO 171501 --- [Recipes] [    Test worker] o.hibernate.jpa.internal.util.LogHelper  : HHH000204: Processing PersistenceUnitInfo [name: default]
2024-12-29T11:12:12.872+01:00  INFO 171501 --- [Recipes] [    Test worker] org.hibernate.Version                    : HHH000412: Hibernate ORM core version 6.6.4.Final
2024-12-29T11:12:12.922+01:00  INFO 171501 --- [Recipes] [    Test worker] o.h.c.internal.RegionFactoryInitiator    : HHH000026: Second-level cache disabled
2024-12-29T11:12:13.227+01:00  INFO 171501 --- [Recipes] [    Test worker] o.s.o.j.p.SpringPersistenceUnitInfo      : No LoadTimeWeaver setup: ignoring JPA class transformer
2024-12-29T11:12:13.259+01:00  INFO 171501 --- [Recipes] [    Test worker] com.zaxxer.hikari.HikariDataSource       : HikariPool-1 - Starting...
2024-12-29T11:12:13.757+01:00  INFO 171501 --- [Recipes] [    Test worker] com.zaxxer.hikari.pool.HikariPool        : HikariPool-1 - Added connection org.postgresql.jdbc.PgConnection@50fa5938
2024-12-29T11:12:13.759+01:00  INFO 171501 --- [Recipes] [    Test worker] com.zaxxer.hikari.HikariDataSource       : HikariPool-1 - Start completed.
2024-12-29T11:12:13.806+01:00  WARN 171501 --- [Recipes] [    Test worker] org.hibernate.orm.deprecation            : HHH90000025: PostgreSQLDialect does not need to be specified explicitly using 'hibernate.dialect' (remove the property setting and it will be selected by default)
2024-12-29T11:12:13.825+01:00  INFO 171501 --- [Recipes] [    Test worker] org.hibernate.orm.connections.pooling    : HHH10001005: Database info:
	Database JDBC URL [Connecting through datasource 'HikariDataSource (HikariPool-1)']
	Database driver: undefined/unknown
	Database version: 15.10
	Autocommit mode: undefined/unknown
	Isolation level: undefined/unknown
	Minimum pool size: undefined/unknown
	Maximum pool size: undefined/unknown
2024-12-29T11:12:14.714+01:00  INFO 171501 --- [Recipes] [    Test worker] o.h.e.t.j.p.i.JtaPlatformInitiator       : HHH000489: No JTA platform available (set 'hibernate.transaction.jta.platform' to enable JTA platform integration)
2024-12-29T11:12:14.785+01:00  INFO 171501 --- [Recipes] [    Test worker] j.LocalContainerEntityManagerFactoryBean : Initialized JPA EntityManagerFactory for persistence unit 'default'
2024-12-29T11:12:14.993+01:00  WARN 171501 --- [Recipes] [    Test worker] JpaBaseConfiguration$JpaWebConfiguration : spring.jpa.open-in-view is enabled by default. Therefore, database queries may be performed during view rendering. Explicitly configure spring.jpa.open-in-view to disable this warning
2024-12-29T11:12:15.040+01:00  INFO 171501 --- [Recipes] [    Test worker] o.s.b.a.w.s.WelcomePageHandlerMapping    : Adding welcome page: class path resource [static/index.html]
2024-12-29T11:12:16.297+01:00  INFO 171501 --- [Recipes] [    Test worker] o.s.b.w.embedded.tomcat.TomcatWebServer  : Tomcat started on port 46103 (http) with context path '/'
2024-12-29T11:12:16.307+01:00  INFO 171501 --- [Recipes] [    Test worker] s.recipes.RecipesApplicationTests        : Started RecipesApplicationTests in 5.277 seconds (process running for 6.528)
2024-12-29T11:12:16.951+01:00  INFO 171501 --- [Recipes] [o-auto-1-exec-1] o.a.c.c.C.[Tomcat].[localhost].[/]       : Initializing Spring DispatcherServlet 'dispatcherServlet'
2024-12-29T11:12:16.951+01:00  INFO 171501 --- [Recipes] [o-auto-1-exec-1] o.s.web.servlet.DispatcherServlet        : Initializing Servlet 'dispatcherServlet'
2024-12-29T11:12:16.953+01:00  INFO 171501 --- [Recipes] [o-auto-1-exec-1] o.s.web.servlet.DispatcherServlet        : Completed initialization in 2 ms
2024-12-29T11:12:17.485+01:00  INFO 171501 --- [Recipes] [    Test worker] o.s.b.w.e.tomcat.GracefulShutdown        : Commencing graceful shutdown. Waiting for active requests to complete
2024-12-29T11:12:17.489+01:00  INFO 171501 --- [Recipes] [tomcat-shutdown] o.s.b.w.e.tomcat.GracefulShutdown        : Graceful shutdown complete
2024-12-29T11:12:17.494+01:00  INFO 171501 --- [Recipes] [    Test worker] j.LocalContainerEntityManagerFactoryBean : Closing JPA EntityManagerFactory for persistence unit 'default'
2024-12-29T11:12:17.500+01:00  INFO 171501 --- [Recipes] [    Test worker] com.zaxxer.hikari.HikariDataSource       : HikariPool-1 - Shutdown initiated...
2024-12-29T11:12:17.515+01:00  INFO 171501 --- [Recipes] [    Test worker] com.zaxxer.hikari.HikariDataSource       : HikariPool-1 - Shutdown completed.

  .   ____          _            __ _ _
 /\\ / ___'_ __ _ _(_)_ __  __ _ \ \ \ \
( ( )\___ | '_ | '_| | '_ \/ _` | \ \ \ \
 \\/  ___)| |_)| | | | | || (_| |  ) ) ) )
  '  |____| .__|_| |_|_| |_\__, | / / / /
 =========|_|==============|___/=/_/_/_/

 :: Spring Boot ::                (v3.4.1)

2024-12-29T11:12:17.555+01:00  INFO 171501 --- [Recipes] [    Test worker] s.recipes.RecipesApplicationTests        : Starting RecipesApplicationTests using Java 17.0.5 with PID 171501 (started by agnieszka in /home/agnieszka/IdeaProjects/Recipes-Spring-Boot-app)
2024-12-29T11:12:17.556+01:00  INFO 171501 --- [Recipes] [    Test worker] s.recipes.RecipesApplicationTests        : No active profile set, falling back to 1 default profile: "default"
2024-12-29T11:12:17.718+01:00  INFO 171501 --- [Recipes] [    Test worker] .s.d.r.c.RepositoryConfigurationDelegate : Bootstrapping Spring Data JPA repositories in DEFAULT mode.
2024-12-29T11:12:17.728+01:00  INFO 171501 --- [Recipes] [    Test worker] .s.d.r.c.RepositoryConfigurationDelegate : Finished Spring Data repository scanning in 6 ms. Found 1 JPA repository interface.
2024-12-29T11:12:17.818+01:00  INFO 171501 --- [Recipes] [    Test worker] o.s.b.w.embedded.tomcat.TomcatWebServer  : Tomcat initialized with port 0 (http)
2024-12-29T11:12:17.819+01:00  INFO 171501 --- [Recipes] [    Test worker] o.apache.catalina.core.StandardService   : Starting service [Tomcat]
2024-12-29T11:12:17.820+01:00  INFO 171501 --- [Recipes] [    Test worker] o.apache.catalina.core.StandardEngine    : Starting Servlet engine: [Apache Tomcat/10.1.34]
2024-12-29T11:12:17.835+01:00  INFO 171501 --- [Recipes] [    Test worker] o.a.c.c.C.[Tomcat].[localhost].[/]       : Initializing Spring embedded WebApplicationContext
2024-12-29T11:12:17.835+01:00  INFO 171501 --- [Recipes] [    Test worker] w.s.c.ServletWebServerApplicationContext : Root WebApplicationContext: initialization completed in 276 ms
2024-12-29T11:12:17.879+01:00  INFO 171501 --- [Recipes] [    Test worker] o.hibernate.jpa.internal.util.LogHelper  : HHH000204: Processing PersistenceUnitInfo [name: default]
2024-12-29T11:12:17.882+01:00  INFO 171501 --- [Recipes] [    Test worker] o.h.c.internal.RegionFactoryInitiator    : HHH000026: Second-level cache disabled
2024-12-29T11:12:17.891+01:00  INFO 171501 --- [Recipes] [    Test worker] o.s.o.j.p.SpringPersistenceUnitInfo      : No LoadTimeWeaver setup: ignoring JPA class transformer
2024-12-29T11:12:17.892+01:00  INFO 171501 --- [Recipes] [    Test worker] com.zaxxer.hikari.HikariDataSource       : HikariPool-2 - Starting...
2024-12-29T11:12:17.912+01:00  INFO 171501 --- [Recipes] [    Test worker] com.zaxxer.hikari.pool.HikariPool        : HikariPool-2 - Added connection org.postgresql.jdbc.PgConnection@7225f871
2024-12-29T11:12:17.913+01:00  INFO 171501 --- [Recipes] [    Test worker] com.zaxxer.hikari.HikariDataSource       : HikariPool-2 - Start completed.
2024-12-29T11:12:17.916+01:00  WARN 171501 --- [Recipes] [    Test worker] org.hibernate.orm.deprecation            : HHH90000025: PostgreSQLDialect does not need to be specified explicitly using 'hibernate.dialect' (remove the property setting and it will be selected by default)
2024-12-29T11:12:17.918+01:00  INFO 171501 --- [Recipes] [    Test worker] org.hibernate.orm.connections.pooling    : HHH10001005: Database info:
	Database JDBC URL [Connecting through datasource 'HikariDataSource (HikariPool-2)']
	Database driver: undefined/unknown
	Database version: 15.10
	Autocommit mode: undefined/unknown
	Isolation level: undefined/unknown
	Minimum pool size: undefined/unknown
	Maximum pool size: undefined/unknown
2024-12-29T11:12:17.958+01:00  INFO 171501 --- [Recipes] [    Test worker] o.h.e.t.j.p.i.JtaPlatformInitiator       : HHH000489: No JTA platform available (set 'hibernate.transaction.jta.platform' to enable JTA platform integration)
2024-12-29T11:12:17.979+01:00  INFO 171501 --- [Recipes] [    Test worker] j.LocalContainerEntityManagerFactoryBean : Initialized JPA EntityManagerFactory for persistence unit 'default'
2024-12-29T11:12:18.011+01:00  WARN 171501 --- [Recipes] [    Test worker] JpaBaseConfiguration$JpaWebConfiguration : spring.jpa.open-in-view is enabled by default. Therefore, database queries may be performed during view rendering. Explicitly configure spring.jpa.open-in-view to disable this warning
2024-12-29T11:12:18.019+01:00  INFO 171501 --- [Recipes] [    Test worker] o.s.b.a.w.s.WelcomePageHandlerMapping    : Adding welcome page: class path resource [static/index.html]
2024-12-29T11:12:18.132+01:00  INFO 171501 --- [Recipes] [    Test worker] o.s.b.w.embedded.tomcat.TomcatWebServer  : Tomcat started on port 43431 (http) with context path '/'
2024-12-29T11:12:18.136+01:00  INFO 171501 --- [Recipes] [    Test worker] s.recipes.RecipesApplicationTests        : Started RecipesApplicationTests in 0.607 seconds (process running for 8.357)
2024-12-29T11:12:18.155+01:00  INFO 171501 --- [Recipes] [o-auto-2-exec-1] o.a.c.c.C.[Tomcat].[localhost].[/]       : Initializing Spring DispatcherServlet 'dispatcherServlet'
2024-12-29T11:12:18.156+01:00  INFO 171501 --- [Recipes] [o-auto-2-exec-1] o.s.web.servlet.DispatcherServlet        : Initializing Servlet 'dispatcherServlet'
2024-12-29T11:12:18.158+01:00  INFO 171501 --- [Recipes] [o-auto-2-exec-1] o.s.web.servlet.DispatcherServlet        : Completed initialization in 2 ms
com.jayway.jsonpath.internal.JsonContext@77d80294
]]></system-out>
  <system-err><![CDATA[]]></system-err>
</testsuite>
